cgi-bin/build_layout.bash 0190fce7316ddae2600242b92337b38615acbb4dd6797e WhiteFox truefox "WhiteFox-TrueFoxBlank-0.kll" "WhiteFox-TrueFoxBlank-1.kll"  2>&1
+ BaseMapOverride='scancode_map scancode_map.truefox'
+ DefaultMapOverride='stdFuncMap WhiteFox-TrueFoxBlank-0'
+ PartialMapsExpandedOverride='stdFuncMap WhiteFox-TrueFoxBlank-1'
+ CMakeExtraArgs=-DCONFIGURATOR=1
+ /srv/KiiConf/controller/Keyboards/whitefox.bash -c /srv/KiiConf/controller -o /srv/KiiConf/tmp/0190fce7316ddae2600242b92337b38615acbb4dd6797e
linux-gnu/Linux is supported.
Unix Build
Selected Generator: Ninja
/srv/KiiConf/tmp/0190fce7316ddae2600242b92337b38615acbb4dd6797e
-- Build CPU Detected:
x86_64
-- Build Kernel Detected:
Linux 4.14.12-x86_64-linode92
-- Compiler Family:
arm
-- Compiler Selected:
gcc
-- Chip Selected:
mk20dx256vlh7
-- Chip Family:
mk2x
-- CPU Selected:
cortex-m4
-- Compiler Source Files:
Lib/kinetis.c;Lib/delay.c;Lib/entropy.c;Lib/periodic.c;Lib/time.c
-- Bootloader Type:
dfu
-- Full Compiler:
/usr/bin/arm-none-eabi-gcc 
-- Detected Scan Module Source Files:
Scan/Devices/ISSILed/i2c.c;Scan/Devices/ISSILed/led_scan.c;Scan/Devices/MatrixARMPeriodic/matrix_scan.c;Scan/WhiteFox/scan_loop.c
-- Detected Macro Module Source Files:
Macro/PartialMap/kll.c;Macro/PartialMap/layer.c;Macro/PartialMap/macro.c;Macro/PartialMap/result.c;Macro/PartialMap/trigger.c;Macro/PixelMap/pixel.c;/srv/KiiConf/tmp/0190fce7316ddae2600242b92337b38615acbb4dd6797e/generatedPixelmap.c
-- Detected Output Module Source Files:
Output/HID-IO/hidio_com.c;Output/Interface/output_gen.c;Output/USB/output_com.c;Output/USB/output_usb.c;Output/USB/arm/usb_desc.c;Output/USB/arm/usb_dev.c;Output/USB/arm/usb_joystick.c;Output/USB/arm/usb_keyboard.c;Output/USB/arm/usb_mem.c;Output/USB/arm/usb_mouse.c;Output/USB/arm/usb_rawio.c;Output/USB/arm/usb_serial.c
-- Detected Debug Module Source Files:
Debug/cli/cli.c;Debug/latency/latency.c;Debug/led/led.c;Debug/print/print.c
-- Found Git: /usr/bin/git (found version "1.9.1") 
No LSB modules are available.
-- Found LSB_RELEASE: /usr/bin/lsb_release  
-- Build OS Detected:
Ubuntu 14.04.5 LTS trusty
-- Found Ctags: /usr/bin/ctags-exuberant (found version "5.9~svn20110310") 
ctags-exuberant: cannot open tag file : Permission denied
-- Found PythonInterp: python3 (found suitable version "3.4.3", minimum required is "3") 
-- Detected Layout Files:
/srv/KiiConf/controller/Scan/Devices/ISSILed/capabilities.kll
/srv/KiiConf/controller/Scan/Devices/MatrixARMPeriodic/capabilities.kll
/srv/KiiConf/controller/Macro/PartialMap/capabilities.kll
/srv/KiiConf/controller/Macro/PixelMap/capabilities.kll
/srv/KiiConf/controller/Output/HID-IO/capabilities.kll
/srv/KiiConf/controller/Output/USB/capabilities.kll
/srv/KiiConf/controller/Debug/latency/capabilities.kll
/srv/KiiConf/controller/Scan/WhiteFox/scancode_map.kll
/srv/KiiConf/controller/Scan/WhiteFox/scancode_map.truefox.kll
/srv/KiiConf/controller/kll/layouts/stdFuncMap.kll
/srv/KiiConf/tmp/0190fce7316ddae2600242b92337b38615acbb4dd6797e/WhiteFox-TrueFoxBlank-0.kll
/srv/KiiConf/controller/kll/layouts/stdFuncMap.kll
/srv/KiiConf/tmp/0190fce7316ddae2600242b92337b38615acbb4dd6797e/WhiteFox-TrueFoxBlank-1.kll
-- Found DFU_SUFFIX: /usr/local/bin/dfu-suffix (found version "0.8") 
-- Configuring done
-- Generating done
-- Build files have been written to: /srv/KiiConf/tmp/0190fce7316ddae2600242b92337b38615acbb4dd6797e
[1/37] Generating KLL Layout
kll BETA 0.5c.1528a3eb3c89189d651f31a2f81dab92f63adb2a - 2018-03-24 19:32:10 -0700
-- Generating --
/srv/KiiConf/tmp/0190fce7316ddae2600242b92337b38615acbb4dd6797e/kll_defs.h
/srv/KiiConf/tmp/0190fce7316ddae2600242b92337b38615acbb4dd6797e/generatedKeymap.h
/srv/KiiConf/tmp/0190fce7316ddae2600242b92337b38615acbb4dd6797e/generatedPixelmap.c
/srv/KiiConf/tmp/0190fce7316ddae2600242b92337b38615acbb4dd6797e/kll.json
[2/37] Building C object CMakeFiles/kiibohd.dir/main.c.o
[3/37] Building C object CMakeFiles/kiibohd.dir/Lib/kinetis.c.o
[4/37] Building C object CMakeFiles/kiibohd.dir/Lib/delay.c.o
[5/37] Building C object CMakeFiles/kiibohd.dir/Lib/entropy.c.o
[6/37] Building C object CMakeFiles/kiibohd.dir/Lib/periodic.c.o
[7/37] Building C object CMakeFiles/kiibohd.dir/Macro/PartialMap/result.c.o
[8/37] Building C object CMakeFiles/kiibohd.dir/Lib/time.c.o
[9/37] Building C object CMakeFiles/kiibohd.dir/Scan/Devices/MatrixARMPeriodic/matrix_scan.c.o
[10/37] Building C object CMakeFiles/kiibohd.dir/Scan/Devices/ISSILed/i2c.c.o
[11/37] Building C object CMakeFiles/kiibohd.dir/Scan/Devices/ISSILed/led_scan.c.o
[12/37] Building C object CMakeFiles/kiibohd.dir/Macro/PartialMap/kll.c.o
[13/37] Building C object CMakeFiles/kiibohd.dir/Scan/WhiteFox/scan_loop.c.o
[14/37] Building C object CMakeFiles/kiibohd.dir/Output/USB/output_com.c.o
[15/37] Building C object CMakeFiles/kiibohd.dir/Macro/PixelMap/pixel.c.o
[16/37] Building C object CMakeFiles/kiibohd.dir/Macro/PartialMap/layer.c.o
[17/37] Building C object CMakeFiles/kiibohd.dir/Macro/PartialMap/macro.c.o
[18/37] Building C object CMakeFiles/kiibohd.dir/Macro/PartialMap/trigger.c.o
[19/37] Building C object CMakeFiles/kiibohd.dir/generatedPixelmap.c.o
[20/37] Building C object CMakeFiles/kiibohd.dir/Output/HID-IO/hidio_com.c.o
[21/37] Building C object CMakeFiles/kiibohd.dir/Output/Interface/output_gen.c.o
[22/37] Building C object CMakeFiles/kiibohd.dir/Output/USB/output_usb.c.o
[23/37] Building C object CMakeFiles/kiibohd.dir/Output/USB/arm/usb_desc.c.o
[24/37] Building C object CMakeFiles/kiibohd.dir/Output/USB/arm/usb_dev.c.o
[25/37] Building C object CMakeFiles/kiibohd.dir/Output/USB/arm/usb_joystick.c.o
[26/37] Building C object CMakeFiles/kiibohd.dir/Output/USB/arm/usb_keyboard.c.o
[27/37] Building C object CMakeFiles/kiibohd.dir/Output/USB/arm/usb_mem.c.o
[28/37] Building C object CMakeFiles/kiibohd.dir/Output/USB/arm/usb_mouse.c.o
[29/37] Building C object CMakeFiles/kiibohd.dir/Output/USB/arm/usb_rawio.c.o
[30/37] Building C object CMakeFiles/kiibohd.dir/Output/USB/arm/usb_serial.c.o
[31/37] Building C object CMakeFiles/kiibohd.dir/Debug/cli/cli.c.o
[32/37] Building C object CMakeFiles/kiibohd.dir/Debug/latency/latency.c.o
[33/37] Building C object CMakeFiles/kiibohd.dir/Debug/led/led.c.o
[34/37] Building C object CMakeFiles/kiibohd.dir/Debug/print/print.c.o
[35/37] Linking C executable kiibohd.elf
Setting new key
Key Prepended: 0000000000000000
[36/37] Chip usage for mk20dx256vlh7
[37/37] Message for DFU targets
NOTE: kiibohd.secure.dfu.bin is required for secure Kiibohd Bootloaders.
Only keyboards from late 2017 and onwards, support this.
See lsusb -d 1c11: -v and look for iInterface 4 Kiibohd DFU Secure.
Otherwise, use the kiibohd.dfu.bin file when it says iInterface 4 Kiibohd DFU.
Use the physical reset button on the back of the keyboard to temporarily disable secure mode.
NOTE2: Secure mode is disabled currently, but will be enabled when key negotiation is supported.
	 SRAM: 	16% 	10996/65536	bytes
	Flash: 	21% 	55372/253952	bytes
Firmware has been compiled into: '/srv/KiiConf/tmp/0190fce7316ddae2600242b92337b38615acbb4dd6797e'
/srv/KiiConf/dist
+ RETVAL=0
+ set +x
Compilation Completed.
